<?xml version="1.0" encoding="UTF-8" ?>
<testsuite errors="0" failures="0" hostname="milesmilos-Blade" name="javaapplication1.JavaApplication1Test" skipped="0" tests="5" time="0.041" timestamp="2021-10-26T01:50:57">
  <properties>
[...]
</properties>
  <testcase classname="javaapplication1.JavaApplication1Test" name="testAdd" time="0.001" />
  <testcase classname="javaapplication1.JavaApplication1Test" name="testSubtract" time="0.0" />
  <testcase classname="javaapplication1.JavaApplication1Test" name="testCube" time="0.0" />
  <testcase classname="javaapplication1.JavaApplication1Test" name="testSqrt" time="0.0" />
  <testcase classname="javaapplication1.JavaApplication1Test" name="testSquare" time="0.0" />
  <system-out><![CDATA[]]></system-out>
  <system-err><![CDATA[]]></system-err>
</testsuite>
